2025-08-02T06:15:21.618Z [error]: server is runnig at 8000
2025-08-02T06:26:16.790Z [error]: hii
2025-08-02T06:26:40.692Z [error]: hii
2025-08-02T06:26:47.659Z [error]: hii
2025-08-02T06:26:52.551Z [error]: hii
2025-08-02T06:26:57.980Z [error]: hii
2025-08-02T06:27:19.947Z [error]: hii
2025-08-02T06:27:24.660Z [error]: hii
2025-08-02T10:02:20.139Z [error]: hii
2025-08-02T10:02:36.759Z [error]: hii
2025-08-02T10:02:59.519Z [error]: hii
2025-08-02T10:04:40.109Z [error]: hii
2025-08-02T10:11:07.944Z [error]: hii
2025-08-02T10:12:14.712Z [error]: hii
2025-08-02T10:12:25.010Z [error]: hii
2025-08-02T10:22:10.762Z [error]: hii
2025-08-02T10:22:47.507Z [error]: hii
2025-08-02T10:23:20.225Z [error]: hii
2025-08-02T10:23:43.928Z [error]: hii
2025-08-02T10:24:02.852Z [error]: hii
2025-08-02T10:24:52.420Z [error]: hii
2025-08-02T10:25:17.655Z [error]: hii
2025-08-02T10:26:13.761Z [error]: hii
2025-08-02T10:26:28.686Z [error]: hii
2025-08-02T10:30:24.650Z [error]: hii
2025-08-02T10:30:44.661Z [error]: hii
2025-08-02T10:31:33.050Z [error]: hii
2025-08-02T10:32:11.234Z [error]: hii
2025-08-02T10:34:01.962Z [error]: hii
2025-08-02T10:35:36.151Z [error]: PrismaClientKnownRequestError: 
Invalid `prisma.user.findUnique()` invocation in
C:\Users\mdalk\crm\backend\src\controller\user-controller.ts:49:42

  46 
  47 const { email, password } = parseResult.data;
  48 
→ 49 const emailExist = await prisma.user.findUnique(
The column `User.isVerified` does not exist in the current database.
    at ri.handleRequestError (C:\Users\mdalk\crm\node_modules\@prisma\client\src\runtime\RequestHandler.ts:228:13)
    at ri.handleAndLogRequestError (C:\Users\mdalk\crm\node_modules\@prisma\client\src\runtime\RequestHandler.ts:174:12)
    at ri.request (C:\Users\mdalk\crm\node_modules\@prisma\client\src\runtime\RequestHandler.ts:143:12)
    at async l (C:\Users\mdalk\crm\node_modules\@prisma\client\src\runtime\getPrismaClient.ts:862:24)
2025-08-02T10:42:43.560Z [error]: hii
2025-08-02T10:42:46.577Z [error]: PrismaClientKnownRequestError: 
Invalid `prisma.user.findUnique()` invocation in
C:\Users\mdalk\crm\backend\src\controller\user-controller.ts:49:42

  46 
  47 const { email, password } = parseResult.data;
  48 
→ 49 const emailExist = await prisma.user.findUnique(
The column `User.isVerified` does not exist in the current database.
    at ri.handleRequestError (C:\Users\mdalk\crm\node_modules\@prisma\client\src\runtime\RequestHandler.ts:228:13)
    at ri.handleAndLogRequestError (C:\Users\mdalk\crm\node_modules\@prisma\client\src\runtime\RequestHandler.ts:174:12)
    at ri.request (C:\Users\mdalk\crm\node_modules\@prisma\client\src\runtime\RequestHandler.ts:143:12)
    at async l (C:\Users\mdalk\crm\node_modules\@prisma\client\src\runtime\getPrismaClient.ts:862:24)
2025-08-02T10:42:48.774Z [error]: PrismaClientKnownRequestError: 
Invalid `prisma.user.findUnique()` invocation in
C:\Users\mdalk\crm\backend\src\controller\user-controller.ts:49:42

  46 
  47 const { email, password } = parseResult.data;
  48 
→ 49 const emailExist = await prisma.user.findUnique(
The column `User.isVerified` does not exist in the current database.
    at ri.handleRequestError (C:\Users\mdalk\crm\node_modules\@prisma\client\src\runtime\RequestHandler.ts:228:13)
    at ri.handleAndLogRequestError (C:\Users\mdalk\crm\node_modules\@prisma\client\src\runtime\RequestHandler.ts:174:12)
    at ri.request (C:\Users\mdalk\crm\node_modules\@prisma\client\src\runtime\RequestHandler.ts:143:12)
    at async l (C:\Users\mdalk\crm\node_modules\@prisma\client\src\runtime\getPrismaClient.ts:862:24)
2025-08-02T10:45:19.375Z [error]: hii
2025-08-02T11:40:13.258Z [error]: hii
2025-08-02T11:41:08.447Z [error]: hii
2025-08-02T11:43:00.938Z [error]: hii
2025-08-02T11:43:17.011Z [error]: PrismaClientValidationError: 
Invalid `prisma.user.findUnique()` invocation in
C:\Users\mdalk\crm\backend\src\controller\user-controller.ts:98:38

  95 const { address, businessType, companyName, employeeRange, email } =
  96   parseResult.data ?? {};
  97 
→ 98 const user = await prisma.user.findUnique({
       where: {
         email: undefined,
     ?   id?: String,
     ?   AND?: UserWhereInput | UserWhereInput[],
     ?   OR?: UserWhereInput[],
     ?   NOT?: UserWhereInput | UserWhereInput[],
     ?   fullname?: StringFilter | String,
     ?   password?: StringFilter | String,
     ?   isVerified?: BoolFilter | Boolean,
     ?   role?: EnumRolesFilter | Roles,
     ?   companyName?: StringNullableFilter | String | Null,
     ?   employeeRange?: EnumEmployeeRangeNullableFilter | EmployeeRange | Null,
     ?   businessType?: StringNullableFilter | String | Null,
     ?   address?: StringNullableFilter | String | Null
       }
     })

Argument `where` of type UserWhereUniqueInput needs at least one of `id` or `email` arguments. Available options are marked with ?.
    at throwValidationException (C:\Users\mdalk\crm\node_modules\@prisma\client\src\runtime\core\errorRendering\throwValidationException.ts:45:9)
    at ri.handleRequestError (C:\Users\mdalk\crm\node_modules\@prisma\client\src\runtime\RequestHandler.ts:202:7)
    at ri.handleAndLogRequestError (C:\Users\mdalk\crm\node_modules\@prisma\client\src\runtime\RequestHandler.ts:174:12)
    at ri.request (C:\Users\mdalk\crm\node_modules\@prisma\client\src\runtime\RequestHandler.ts:143:12)
    at async l (C:\Users\mdalk\crm\node_modules\@prisma\client\src\runtime\getPrismaClient.ts:862:24)
2025-08-02T11:43:41.962Z [error]: hii
2025-08-02T11:43:46.358Z [error]: PrismaClientValidationError: 
Invalid `prisma.user.findUnique()` invocation in
C:\Users\mdalk\crm\backend\src\controller\user-controller.ts:98:38

  95 const { address, businessType, companyName, employeeRange, email } =
  96   parseResult.data ?? {};
  97 
→ 98 const user = await prisma.user.findUnique({
       where: {
         email: undefined,
     ?   id?: String,
     ?   AND?: UserWhereInput | UserWhereInput[],
     ?   OR?: UserWhereInput[],
     ?   NOT?: UserWhereInput | UserWhereInput[],
     ?   fullname?: StringFilter | String,
     ?   password?: StringFilter | String,
     ?   isVerified?: BoolFilter | Boolean,
     ?   role?: EnumRolesFilter | Roles,
     ?   companyName?: StringNullableFilter | String | Null,
     ?   employeeRange?: EnumEmployeeRangeNullableFilter | EmployeeRange | Null,
     ?   businessType?: StringNullableFilter | String | Null,
     ?   address?: StringNullableFilter | String | Null
       }
     })

Argument `where` of type UserWhereUniqueInput needs at least one of `id` or `email` arguments. Available options are marked with ?.
    at throwValidationException (C:\Users\mdalk\crm\node_modules\@prisma\client\src\runtime\core\errorRendering\throwValidationException.ts:45:9)
    at ri.handleRequestError (C:\Users\mdalk\crm\node_modules\@prisma\client\src\runtime\RequestHandler.ts:202:7)
    at ri.handleAndLogRequestError (C:\Users\mdalk\crm\node_modules\@prisma\client\src\runtime\RequestHandler.ts:174:12)
    at ri.request (C:\Users\mdalk\crm\node_modules\@prisma\client\src\runtime\RequestHandler.ts:143:12)
    at async l (C:\Users\mdalk\crm\node_modules\@prisma\client\src\runtime\getPrismaClient.ts:862:24)
2025-08-02T11:44:20.999Z [error]: hii
2025-08-02T11:44:24.687Z [error]: PrismaClientValidationError: 
Invalid `prisma.user.findUnique()` invocation in
C:\Users\mdalk\crm\backend\src\controller\user-controller.ts:99:38

  96   parseResult.data ?? {};
  97 
  98   console.log(" address, businessType, companyName, employeeRange, email : ", address, businessType, companyName, employeeRange, email)
→ 99 const user = await prisma.user.findUnique({
       where: {
         email: undefined,
     ?   id?: String,
     ?   AND?: UserWhereInput | UserWhereInput[],
     ?   OR?: UserWhereInput[],
     ?   NOT?: UserWhereInput | UserWhereInput[],
     ?   fullname?: StringFilter | String,
     ?   password?: StringFilter | String,
     ?   isVerified?: BoolFilter | Boolean,
     ?   role?: EnumRolesFilter | Roles,
     ?   companyName?: StringNullableFilter | String | Null,
     ?   employeeRange?: EnumEmployeeRangeNullableFilter | EmployeeRange | Null,
     ?   businessType?: StringNullableFilter | String | Null,
     ?   address?: StringNullableFilter | String | Null
       }
     })

Argument `where` of type UserWhereUniqueInput needs at least one of `id` or `email` arguments. Available options are marked with ?.
    at throwValidationException (C:\Users\mdalk\crm\node_modules\@prisma\client\src\runtime\core\errorRendering\throwValidationException.ts:45:9)
    at ri.handleRequestError (C:\Users\mdalk\crm\node_modules\@prisma\client\src\runtime\RequestHandler.ts:202:7)
    at ri.handleAndLogRequestError (C:\Users\mdalk\crm\node_modules\@prisma\client\src\runtime\RequestHandler.ts:174:12)
    at ri.request (C:\Users\mdalk\crm\node_modules\@prisma\client\src\runtime\RequestHandler.ts:143:12)
    at async l (C:\Users\mdalk\crm\node_modules\@prisma\client\src\runtime\getPrismaClient.ts:862:24)
2025-08-02T11:44:27.961Z [error]: PrismaClientValidationError: 
Invalid `prisma.user.findUnique()` invocation in
C:\Users\mdalk\crm\backend\src\controller\user-controller.ts:99:38

  96   parseResult.data ?? {};
  97 
  98   console.log(" address, businessType, companyName, employeeRange, email : ", address, businessType, companyName, employeeRange, email)
→ 99 const user = await prisma.user.findUnique({
       where: {
         email: undefined,
     ?   id?: String,
     ?   AND?: UserWhereInput | UserWhereInput[],
     ?   OR?: UserWhereInput[],
     ?   NOT?: UserWhereInput | UserWhereInput[],
     ?   fullname?: StringFilter | String,
     ?   password?: StringFilter | String,
     ?   isVerified?: BoolFilter | Boolean,
     ?   role?: EnumRolesFilter | Roles,
     ?   companyName?: StringNullableFilter | String | Null,
     ?   employeeRange?: EnumEmployeeRangeNullableFilter | EmployeeRange | Null,
     ?   businessType?: StringNullableFilter | String | Null,
     ?   address?: StringNullableFilter | String | Null
       }
     })

Argument `where` of type UserWhereUniqueInput needs at least one of `id` or `email` arguments. Available options are marked with ?.
    at throwValidationException (C:\Users\mdalk\crm\node_modules\@prisma\client\src\runtime\core\errorRendering\throwValidationException.ts:45:9)
    at ri.handleRequestError (C:\Users\mdalk\crm\node_modules\@prisma\client\src\runtime\RequestHandler.ts:202:7)
    at ri.handleAndLogRequestError (C:\Users\mdalk\crm\node_modules\@prisma\client\src\runtime\RequestHandler.ts:174:12)
    at ri.request (C:\Users\mdalk\crm\node_modules\@prisma\client\src\runtime\RequestHandler.ts:143:12)
    at async l (C:\Users\mdalk\crm\node_modules\@prisma\client\src\runtime\getPrismaClient.ts:862:24)
2025-08-02T11:44:39.144Z [error]: hii
2025-08-02T11:44:44.708Z [error]: PrismaClientValidationError: 
Invalid `prisma.user.findUnique()` invocation in
C:\Users\mdalk\crm\backend\src\controller\user-controller.ts:99:38

  96   parseResult.data ?? {};
  97 
  98   console.log(" address, businessType, companyName, employeeRange, email : ", address, businessType, companyName, employeeRange, email)
→ 99 const user = await prisma.user.findUnique({
       where: {
         email: undefined,
     ?   id?: String,
     ?   AND?: UserWhereInput | UserWhereInput[],
     ?   OR?: UserWhereInput[],
     ?   NOT?: UserWhereInput | UserWhereInput[],
     ?   fullname?: StringFilter | String,
     ?   password?: StringFilter | String,
     ?   isVerified?: BoolFilter | Boolean,
     ?   role?: EnumRolesFilter | Roles,
     ?   companyName?: StringNullableFilter | String | Null,
     ?   employeeRange?: EnumEmployeeRangeNullableFilter | EmployeeRange | Null,
     ?   businessType?: StringNullableFilter | String | Null,
     ?   address?: StringNullableFilter | String | Null
       }
     })

Argument `where` of type UserWhereUniqueInput needs at least one of `id` or `email` arguments. Available options are marked with ?.
    at throwValidationException (C:\Users\mdalk\crm\node_modules\@prisma\client\src\runtime\core\errorRendering\throwValidationException.ts:45:9)
    at ri.handleRequestError (C:\Users\mdalk\crm\node_modules\@prisma\client\src\runtime\RequestHandler.ts:202:7)
    at ri.handleAndLogRequestError (C:\Users\mdalk\crm\node_modules\@prisma\client\src\runtime\RequestHandler.ts:174:12)
    at ri.request (C:\Users\mdalk\crm\node_modules\@prisma\client\src\runtime\RequestHandler.ts:143:12)
    at async l (C:\Users\mdalk\crm\node_modules\@prisma\client\src\runtime\getPrismaClient.ts:862:24)
2025-08-02T11:45:15.552Z [error]: hii
2025-08-02T11:45:27.408Z [error]: PrismaClientValidationError: 
Invalid `prisma.user.findUnique()` invocation in
C:\Users\mdalk\crm\backend\src\controller\user-controller.ts:99:38

  96   parseResult.data ?? {};
  97 
  98   console.log(" address, businessType, companyName, employeeRange, email : ", address, businessType, companyName, employeeRange, email)
→ 99 const user = await prisma.user.findUnique({
       where: {
         email: undefined,
     ?   id?: String,
     ?   AND?: UserWhereInput | UserWhereInput[],
     ?   OR?: UserWhereInput[],
     ?   NOT?: UserWhereInput | UserWhereInput[],
     ?   fullname?: StringFilter | String,
     ?   password?: StringFilter | String,
     ?   isVerified?: BoolFilter | Boolean,
     ?   role?: EnumRolesFilter | Roles,
     ?   companyName?: StringNullableFilter | String | Null,
     ?   employeeRange?: EnumEmployeeRangeNullableFilter | EmployeeRange | Null,
     ?   businessType?: StringNullableFilter | String | Null,
     ?   address?: StringNullableFilter | String | Null
       }
     })

Argument `where` of type UserWhereUniqueInput needs at least one of `id` or `email` arguments. Available options are marked with ?.
    at throwValidationException (C:\Users\mdalk\crm\node_modules\@prisma\client\src\runtime\core\errorRendering\throwValidationException.ts:45:9)
    at ri.handleRequestError (C:\Users\mdalk\crm\node_modules\@prisma\client\src\runtime\RequestHandler.ts:202:7)
    at ri.handleAndLogRequestError (C:\Users\mdalk\crm\node_modules\@prisma\client\src\runtime\RequestHandler.ts:174:12)
    at ri.request (C:\Users\mdalk\crm\node_modules\@prisma\client\src\runtime\RequestHandler.ts:143:12)
    at async l (C:\Users\mdalk\crm\node_modules\@prisma\client\src\runtime\getPrismaClient.ts:862:24)
2025-08-02T11:47:03.413Z [error]: hii
2025-08-02T11:47:09.471Z [error]: PrismaClientValidationError: 
Invalid `prisma.user.findUnique()` invocation in
C:\Users\mdalk\crm\backend\src\controller\user-controller.ts:99:38

  96 //   parseResult.data ?? {};
  97 
  98   // console.log(" address, businessType, companyName, employeeRange, email : ", address, businessType, companyName, employeeRange, email)
→ 99 const user = await prisma.user.findUnique({
       where: {
         email: undefined,
     ?   id?: String,
     ?   AND?: UserWhereInput | UserWhereInput[],
     ?   OR?: UserWhereInput[],
     ?   NOT?: UserWhereInput | UserWhereInput[],
     ?   fullname?: StringFilter | String,
     ?   password?: StringFilter | String,
     ?   isVerified?: BoolFilter | Boolean,
     ?   role?: EnumRolesFilter | Roles,
     ?   companyName?: StringNullableFilter | String | Null,
     ?   employeeRange?: EnumEmployeeRangeNullableFilter | EmployeeRange | Null,
     ?   businessType?: StringNullableFilter | String | Null,
     ?   address?: StringNullableFilter | String | Null
       }
     })

Argument `where` of type UserWhereUniqueInput needs at least one of `id` or `email` arguments. Available options are marked with ?.
    at throwValidationException (C:\Users\mdalk\crm\node_modules\@prisma\client\src\runtime\core\errorRendering\throwValidationException.ts:45:9)
    at ri.handleRequestError (C:\Users\mdalk\crm\node_modules\@prisma\client\src\runtime\RequestHandler.ts:202:7)
    at ri.handleAndLogRequestError (C:\Users\mdalk\crm\node_modules\@prisma\client\src\runtime\RequestHandler.ts:174:12)
    at ri.request (C:\Users\mdalk\crm\node_modules\@prisma\client\src\runtime\RequestHandler.ts:143:12)
    at async l (C:\Users\mdalk\crm\node_modules\@prisma\client\src\runtime\getPrismaClient.ts:862:24)
2025-08-02T11:48:40.898Z [error]: hii
2025-08-02T11:48:45.046Z [error]: PrismaClientValidationError: 
Invalid `prisma.user.findUnique()` invocation in
C:\Users\mdalk\crm\backend\src\controller\user-controller.ts:101:38

   98 //   parseResult.data ?? {};
   99 
  100   // console.log(" address, businessType, companyName, employeeRange, email : ", address, businessType, companyName, employeeRange, email)
→ 101 const user = await prisma.user.findUnique({
        where: {
          email: undefined,
      ?   id?: String,
      ?   AND?: UserWhereInput | UserWhereInput[],
      ?   OR?: UserWhereInput[],
      ?   NOT?: UserWhereInput | UserWhereInput[],
      ?   fullname?: StringFilter | String,
      ?   password?: StringFilter | String,
      ?   isVerified?: BoolFilter | Boolean,
      ?   role?: EnumRolesFilter | Roles,
      ?   companyName?: StringNullableFilter | String | Null,
      ?   employeeRange?: EnumEmployeeRangeNullableFilter | EmployeeRange | Null,
      ?   businessType?: StringNullableFilter | String | Null,
      ?   address?: StringNullableFilter | String | Null
        }
      })

Argument `where` of type UserWhereUniqueInput needs at least one of `id` or `email` arguments. Available options are marked with ?.
    at throwValidationException (C:\Users\mdalk\crm\node_modules\@prisma\client\src\runtime\core\errorRendering\throwValidationException.ts:45:9)
    at ri.handleRequestError (C:\Users\mdalk\crm\node_modules\@prisma\client\src\runtime\RequestHandler.ts:202:7)
    at ri.handleAndLogRequestError (C:\Users\mdalk\crm\node_modules\@prisma\client\src\runtime\RequestHandler.ts:174:12)
    at ri.request (C:\Users\mdalk\crm\node_modules\@prisma\client\src\runtime\RequestHandler.ts:143:12)
    at async l (C:\Users\mdalk\crm\node_modules\@prisma\client\src\runtime\getPrismaClient.ts:862:24)
2025-08-02T11:49:00.165Z [error]: hii
2025-08-02T11:49:05.024Z [error]: PrismaClientValidationError: 
Invalid `prisma.user.findUnique()` invocation in
C:\Users\mdalk\crm\backend\src\controller\user-controller.ts:101:38

   98 //   parseResult.data ?? {};
   99 
  100   // console.log(" address, businessType, companyName, employeeRange, email : ", address, businessType, companyName, employeeRange, email)
→ 101 const user = await prisma.user.findUnique({
        where: {
          email: undefined,
      ?   id?: String,
      ?   AND?: UserWhereInput | UserWhereInput[],
      ?   OR?: UserWhereInput[],
      ?   NOT?: UserWhereInput | UserWhereInput[],
      ?   fullname?: StringFilter | String,
      ?   password?: StringFilter | String,
      ?   isVerified?: BoolFilter | Boolean,
      ?   role?: EnumRolesFilter | Roles,
      ?   companyName?: StringNullableFilter | String | Null,
      ?   employeeRange?: EnumEmployeeRangeNullableFilter | EmployeeRange | Null,
      ?   businessType?: StringNullableFilter | String | Null,
      ?   address?: StringNullableFilter | String | Null
        }
      })

Argument `where` of type UserWhereUniqueInput needs at least one of `id` or `email` arguments. Available options are marked with ?.
    at throwValidationException (C:\Users\mdalk\crm\node_modules\@prisma\client\src\runtime\core\errorRendering\throwValidationException.ts:45:9)
    at ri.handleRequestError (C:\Users\mdalk\crm\node_modules\@prisma\client\src\runtime\RequestHandler.ts:202:7)
    at ri.handleAndLogRequestError (C:\Users\mdalk\crm\node_modules\@prisma\client\src\runtime\RequestHandler.ts:174:12)
    at ri.request (C:\Users\mdalk\crm\node_modules\@prisma\client\src\runtime\RequestHandler.ts:143:12)
    at async l (C:\Users\mdalk\crm\node_modules\@prisma\client\src\runtime\getPrismaClient.ts:862:24)
2025-08-02T11:50:28.772Z [error]: hii
2025-08-02T11:51:59.063Z [error]: hii
2025-08-02T11:53:16.194Z [error]: hii
2025-08-02T11:54:52.472Z [error]: hii
2025-08-02T11:56:44.555Z [error]: hii
2025-08-02T11:57:48.854Z [error]: hii
2025-08-02T12:00:09.776Z [error]: hii
2025-08-02T12:03:14.851Z [error]: hii
2025-08-02T12:04:06.697Z [error]: hii
2025-08-02T15:36:32.567Z [error]: hii
2025-08-02T15:38:16.133Z [error]: hii
2025-08-02T15:40:28.913Z [error]: hii
2025-08-02T15:41:04.340Z [error]: hii
2025-08-02T15:41:06.626Z [error]: [object Object]
2025-08-02T15:41:22.675Z [error]: hii
2025-08-02T15:41:25.509Z [error]: false
2025-08-02T15:44:00.874Z [error]: hii
2025-08-02T15:45:44.802Z [error]: false
2025-08-02T15:46:28.146Z [error]: false
2025-08-02T15:49:02.763Z [error]: false
2025-08-02T15:49:16.336Z [error]: false
2025-08-02T15:49:17.832Z [error]: false
2025-08-02T15:52:13.613Z [error]: false
2025-08-02T15:52:15.244Z [error]: false
2025-08-02T15:53:55.039Z [error]: hii
2025-08-02T15:53:57.774Z [error]: false
2025-08-02T15:54:24.962Z [error]: false
2025-08-02T15:55:26.942Z [error]: hii
2025-08-02T15:55:34.789Z [error]: hii
2025-08-02T15:55:52.939Z [error]: PrismaClientInitializationError: 
Invalid `prisma.user.findUnique()` invocation in
C:\Users\mdalk\crm\backend\src\controller\user-controller.ts:51:42

  48 
  49 const { email, password } = parseResult.data;
  50 
→ 51 const emailExist = await prisma.user.findUnique(
Can't reach database server at `ep-little-butterfly-adrh17j6-pooler.c-2.us-east-1.aws.neon.tech:5432`

Please make sure your database server is running at `ep-little-butterfly-adrh17j6-pooler.c-2.us-east-1.aws.neon.tech:5432`.
    at ri.handleRequestError (C:\Users\mdalk\crm\node_modules\@prisma\client\src\runtime\RequestHandler.ts:242:13)
    at ri.handleAndLogRequestError (C:\Users\mdalk\crm\node_modules\@prisma\client\src\runtime\RequestHandler.ts:174:12)
    at ri.request (C:\Users\mdalk\crm\node_modules\@prisma\client\src\runtime\RequestHandler.ts:143:12)
    at async l (C:\Users\mdalk\crm\node_modules\@prisma\client\src\runtime\getPrismaClient.ts:862:24)
2025-08-02T15:56:25.543Z [error]: hii
2025-08-02T15:57:07.994Z [error]: hii
2025-08-02T16:29:22.104Z [error]: hii
2025-08-02T16:30:29.461Z [error]: hii
2025-08-02T16:30:38.540Z [error]: hii
2025-08-02T16:32:17.234Z [error]: hii
2025-08-02T16:35:06.494Z [error]: hii
2025-08-02T16:35:41.171Z [error]: hii
2025-08-02T16:35:54.238Z [error]: hii
2025-08-02T16:36:00.396Z [error]: hii
2025-08-02T16:36:19.239Z [error]: hii
2025-08-02T18:09:39.809Z [error]: hii
2025-08-02T18:10:20.073Z [error]: hii
2025-08-02T18:10:25.299Z [error]: Error: User details are not available.
    at userDetails (C:\Users\mdalk\crm\backend\src\controller\user-controller.ts:307:13)
    at Layer.handleRequest (C:\Users\mdalk\crm\node_modules\router\lib\layer.js:152:17)
    at next (C:\Users\mdalk\crm\node_modules\router\lib\route.js:157:13)
    at Route.dispatch (C:\Users\mdalk\crm\node_modules\router\lib\route.js:117:3)
    at handle (C:\Users\mdalk\crm\node_modules\router\index.js:435:11)
    at Layer.handleRequest (C:\Users\mdalk\crm\node_modules\router\lib\layer.js:152:17)
    at C:\Users\mdalk\crm\node_modules\router\index.js:295:15
    at processParams (C:\Users\mdalk\crm\node_modules\router\index.js:582:12)
    at next (C:\Users\mdalk\crm\node_modules\router\index.js:291:5)
    at Function.handle (C:\Users\mdalk\crm\node_modules\router\index.js:186:3)
2025-08-02T18:11:34.189Z [error]: hii
2025-08-02T18:11:41.629Z [error]: hii
2025-08-02T18:12:09.334Z [error]: hii
2025-08-02T18:15:05.052Z [error]: hii
2025-08-02T18:16:09.923Z [error]: Error:  Error aaya bhai
    at userDetails (C:\Users\mdalk\crm\backend\src\controller\user-controller.ts:307:13)
    at Layer.handleRequest (C:\Users\mdalk\crm\node_modules\router\lib\layer.js:152:17)
    at next (C:\Users\mdalk\crm\node_modules\router\lib\route.js:157:13)
    at Route.dispatch (C:\Users\mdalk\crm\node_modules\router\lib\route.js:117:3)
    at handle (C:\Users\mdalk\crm\node_modules\router\index.js:435:11)
    at Layer.handleRequest (C:\Users\mdalk\crm\node_modules\router\lib\layer.js:152:17)
    at C:\Users\mdalk\crm\node_modules\router\index.js:295:15
    at processParams (C:\Users\mdalk\crm\node_modules\router\index.js:582:12)
    at next (C:\Users\mdalk\crm\node_modules\router\index.js:291:5)
    at Function.handle (C:\Users\mdalk\crm\node_modules\router\index.js:186:3)
2025-08-02T18:16:09.937Z [error]: Error:  Error aaya bhai
    at userDetails (C:\Users\mdalk\crm\backend\src\controller\user-controller.ts:307:13)
    at Layer.handleRequest (C:\Users\mdalk\crm\node_modules\router\lib\layer.js:152:17)
    at next (C:\Users\mdalk\crm\node_modules\router\lib\route.js:157:13)
    at Route.dispatch (C:\Users\mdalk\crm\node_modules\router\lib\route.js:117:3)
    at handle (C:\Users\mdalk\crm\node_modules\router\index.js:435:11)
    at Layer.handleRequest (C:\Users\mdalk\crm\node_modules\router\lib\layer.js:152:17)
    at C:\Users\mdalk\crm\node_modules\router\index.js:295:15
    at processParams (C:\Users\mdalk\crm\node_modules\router\index.js:582:12)
    at next (C:\Users\mdalk\crm\node_modules\router\index.js:291:5)
    at Function.handle (C:\Users\mdalk\crm\node_modules\router\index.js:186:3)
2025-08-02T18:16:42.144Z [error]: hii
2025-08-02T18:16:47.850Z [error]: hii
2025-08-02T18:17:07.325Z [error]: hii
2025-08-02T18:17:36.998Z [error]: hii
2025-08-02T18:17:41.501Z [error]: Error:  Error aaya bhai
    at userDetails (C:\Users\mdalk\crm\backend\src\controller\user-controller.ts:307:13)
    at Layer.handleRequest (C:\Users\mdalk\crm\node_modules\router\lib\layer.js:152:17)
    at next (C:\Users\mdalk\crm\node_modules\router\lib\route.js:157:13)
    at Route.dispatch (C:\Users\mdalk\crm\node_modules\router\lib\route.js:117:3)
    at handle (C:\Users\mdalk\crm\node_modules\router\index.js:435:11)
    at Layer.handleRequest (C:\Users\mdalk\crm\node_modules\router\lib\layer.js:152:17)
    at C:\Users\mdalk\crm\node_modules\router\index.js:295:15
    at processParams (C:\Users\mdalk\crm\node_modules\router\index.js:582:12)
    at next (C:\Users\mdalk\crm\node_modules\router\index.js:291:5)
    at Function.handle (C:\Users\mdalk\crm\node_modules\router\index.js:186:3)
2025-08-02T18:17:41.510Z [error]: Error:  Error aaya bhai
    at userDetails (C:\Users\mdalk\crm\backend\src\controller\user-controller.ts:307:13)
    at Layer.handleRequest (C:\Users\mdalk\crm\node_modules\router\lib\layer.js:152:17)
    at next (C:\Users\mdalk\crm\node_modules\router\lib\route.js:157:13)
    at Route.dispatch (C:\Users\mdalk\crm\node_modules\router\lib\route.js:117:3)
    at handle (C:\Users\mdalk\crm\node_modules\router\index.js:435:11)
    at Layer.handleRequest (C:\Users\mdalk\crm\node_modules\router\lib\layer.js:152:17)
    at C:\Users\mdalk\crm\node_modules\router\index.js:295:15
    at processParams (C:\Users\mdalk\crm\node_modules\router\index.js:582:12)
    at next (C:\Users\mdalk\crm\node_modules\router\index.js:291:5)
    at Function.handle (C:\Users\mdalk\crm\node_modules\router\index.js:186:3)
2025-08-02T18:17:41.513Z [error]: Error:  Error aaya bhai
    at userDetails (C:\Users\mdalk\crm\backend\src\controller\user-controller.ts:307:13)
    at Layer.handleRequest (C:\Users\mdalk\crm\node_modules\router\lib\layer.js:152:17)
    at next (C:\Users\mdalk\crm\node_modules\router\lib\route.js:157:13)
    at Route.dispatch (C:\Users\mdalk\crm\node_modules\router\lib\route.js:117:3)
    at handle (C:\Users\mdalk\crm\node_modules\router\index.js:435:11)
    at Layer.handleRequest (C:\Users\mdalk\crm\node_modules\router\lib\layer.js:152:17)
    at C:\Users\mdalk\crm\node_modules\router\index.js:295:15
    at processParams (C:\Users\mdalk\crm\node_modules\router\index.js:582:12)
    at next (C:\Users\mdalk\crm\node_modules\router\index.js:291:5)
    at Function.handle (C:\Users\mdalk\crm\node_modules\router\index.js:186:3)
2025-08-02T18:17:51.439Z [error]: Error:  Error aaya bhai
    at userDetails (C:\Users\mdalk\crm\backend\src\controller\user-controller.ts:307:13)
    at Layer.handleRequest (C:\Users\mdalk\crm\node_modules\router\lib\layer.js:152:17)
    at next (C:\Users\mdalk\crm\node_modules\router\lib\route.js:157:13)
    at Route.dispatch (C:\Users\mdalk\crm\node_modules\router\lib\route.js:117:3)
    at handle (C:\Users\mdalk\crm\node_modules\router\index.js:435:11)
    at Layer.handleRequest (C:\Users\mdalk\crm\node_modules\router\lib\layer.js:152:17)
    at C:\Users\mdalk\crm\node_modules\router\index.js:295:15
    at processParams (C:\Users\mdalk\crm\node_modules\router\index.js:582:12)
    at next (C:\Users\mdalk\crm\node_modules\router\index.js:291:5)
    at Function.handle (C:\Users\mdalk\crm\node_modules\router\index.js:186:3)
2025-08-02T18:17:51.444Z [error]: Error:  Error aaya bhai
    at userDetails (C:\Users\mdalk\crm\backend\src\controller\user-controller.ts:307:13)
    at Layer.handleRequest (C:\Users\mdalk\crm\node_modules\router\lib\layer.js:152:17)
    at next (C:\Users\mdalk\crm\node_modules\router\lib\route.js:157:13)
    at Route.dispatch (C:\Users\mdalk\crm\node_modules\router\lib\route.js:117:3)
    at handle (C:\Users\mdalk\crm\node_modules\router\index.js:435:11)
    at Layer.handleRequest (C:\Users\mdalk\crm\node_modules\router\lib\layer.js:152:17)
    at C:\Users\mdalk\crm\node_modules\router\index.js:295:15
    at processParams (C:\Users\mdalk\crm\node_modules\router\index.js:582:12)
    at next (C:\Users\mdalk\crm\node_modules\router\index.js:291:5)
    at Function.handle (C:\Users\mdalk\crm\node_modules\router\index.js:186:3)
2025-08-02T18:17:51.466Z [error]: Error:  Error aaya bhai
    at userDetails (C:\Users\mdalk\crm\backend\src\controller\user-controller.ts:307:13)
    at Layer.handleRequest (C:\Users\mdalk\crm\node_modules\router\lib\layer.js:152:17)
    at next (C:\Users\mdalk\crm\node_modules\router\lib\route.js:157:13)
    at Route.dispatch (C:\Users\mdalk\crm\node_modules\router\lib\route.js:117:3)
    at handle (C:\Users\mdalk\crm\node_modules\router\index.js:435:11)
    at Layer.handleRequest (C:\Users\mdalk\crm\node_modules\router\lib\layer.js:152:17)
    at C:\Users\mdalk\crm\node_modules\router\index.js:295:15
    at processParams (C:\Users\mdalk\crm\node_modules\router\index.js:582:12)
    at next (C:\Users\mdalk\crm\node_modules\router\index.js:291:5)
    at Function.handle (C:\Users\mdalk\crm\node_modules\router\index.js:186:3)
2025-08-02T18:21:09.876Z [error]: hii
2025-08-02T18:21:10.953Z [error]: Error:  Error aaya bhai
    at userDetails (C:\Users\mdalk\crm\backend\src\controller\user-controller.ts:307:13)
    at Layer.handleRequest (C:\Users\mdalk\crm\node_modules\router\lib\layer.js:152:17)
    at next (C:\Users\mdalk\crm\node_modules\router\lib\route.js:157:13)
    at Route.dispatch (C:\Users\mdalk\crm\node_modules\router\lib\route.js:117:3)
    at handle (C:\Users\mdalk\crm\node_modules\router\index.js:435:11)
    at Layer.handleRequest (C:\Users\mdalk\crm\node_modules\router\lib\layer.js:152:17)
    at C:\Users\mdalk\crm\node_modules\router\index.js:295:15
    at processParams (C:\Users\mdalk\crm\node_modules\router\index.js:582:12)
    at next (C:\Users\mdalk\crm\node_modules\router\index.js:291:5)
    at Function.handle (C:\Users\mdalk\crm\node_modules\router\index.js:186:3)
2025-08-02T18:21:10.970Z [error]: Error:  Error aaya bhai
    at userDetails (C:\Users\mdalk\crm\backend\src\controller\user-controller.ts:307:13)
    at Layer.handleRequest (C:\Users\mdalk\crm\node_modules\router\lib\layer.js:152:17)
    at next (C:\Users\mdalk\crm\node_modules\router\lib\route.js:157:13)
    at Route.dispatch (C:\Users\mdalk\crm\node_modules\router\lib\route.js:117:3)
    at handle (C:\Users\mdalk\crm\node_modules\router\index.js:435:11)
    at Layer.handleRequest (C:\Users\mdalk\crm\node_modules\router\lib\layer.js:152:17)
    at C:\Users\mdalk\crm\node_modules\router\index.js:295:15
    at processParams (C:\Users\mdalk\crm\node_modules\router\index.js:582:12)
    at next (C:\Users\mdalk\crm\node_modules\router\index.js:291:5)
    at Function.handle (C:\Users\mdalk\crm\node_modules\router\index.js:186:3)
2025-08-02T18:21:11.020Z [error]: Error:  Error aaya bhai
    at userDetails (C:\Users\mdalk\crm\backend\src\controller\user-controller.ts:307:13)
    at Layer.handleRequest (C:\Users\mdalk\crm\node_modules\router\lib\layer.js:152:17)
    at next (C:\Users\mdalk\crm\node_modules\router\lib\route.js:157:13)
    at Route.dispatch (C:\Users\mdalk\crm\node_modules\router\lib\route.js:117:3)
    at handle (C:\Users\mdalk\crm\node_modules\router\index.js:435:11)
    at Layer.handleRequest (C:\Users\mdalk\crm\node_modules\router\lib\layer.js:152:17)
    at C:\Users\mdalk\crm\node_modules\router\index.js:295:15
    at processParams (C:\Users\mdalk\crm\node_modules\router\index.js:582:12)
    at next (C:\Users\mdalk\crm\node_modules\router\index.js:291:5)
    at Function.handle (C:\Users\mdalk\crm\node_modules\router\index.js:186:3)
2025-08-02T18:23:42.164Z [error]: hii
2025-08-02T18:25:08.609Z [error]: hii
2025-08-02T18:25:19.815Z [error]: PrismaClientInitializationError: 
Invalid `prisma.user.findUnique()` invocation in
C:\Users\mdalk\crm\backend\src\controller\user-controller.ts:51:42

  48 
  49 const { email, password } = parseResult.data;
  50 
→ 51 const emailExist = await prisma.user.findUnique(
Can't reach database server at `ep-little-butterfly-adrh17j6-pooler.c-2.us-east-1.aws.neon.tech:5432`

Please make sure your database server is running at `ep-little-butterfly-adrh17j6-pooler.c-2.us-east-1.aws.neon.tech:5432`.
    at ri.handleRequestError (C:\Users\mdalk\crm\node_modules\@prisma\client\src\runtime\RequestHandler.ts:242:13)
    at ri.handleAndLogRequestError (C:\Users\mdalk\crm\node_modules\@prisma\client\src\runtime\RequestHandler.ts:174:12)
    at ri.request (C:\Users\mdalk\crm\node_modules\@prisma\client\src\runtime\RequestHandler.ts:143:12)
    at async l (C:\Users\mdalk\crm\node_modules\@prisma\client\src\runtime\getPrismaClient.ts:862:24)
2025-08-02T18:25:56.506Z [error]: Error:  Error in signup
    at C:\Users\mdalk\crm\backend\src\controller\user-controller.ts:74:13
    at Generator.next (<anonymous>)
    at fulfilled (C:\Users\mdalk\crm\backend\src\controller\user-controller.ts:5:58)
2025-08-02T18:31:41.472Z [error]: hii
2025-08-04T05:03:53.555Z [error]: hii
2025-08-04T05:18:32.601Z [error]: hii
2025-08-05T07:01:14.424Z [error]: hii
2025-08-05T09:28:22.561Z [error]: hii
2025-08-05T10:16:32.153Z [error]: hii
2025-08-05T10:16:50.727Z [error]: hii
2025-08-05T10:17:13.158Z [error]: hii
2025-08-05T10:17:39.736Z [error]: hii
2025-08-05T10:19:03.062Z [error]: hii
2025-08-05T10:19:11.162Z [error]: hii
2025-08-05T10:19:36.415Z [error]: hii
2025-08-05T10:20:02.411Z [error]: hii
2025-08-05T10:20:36.508Z [error]: hii
2025-08-05T10:21:46.047Z [error]: hii
2025-08-05T10:22:18.826Z [error]: hii
2025-08-05T10:23:13.820Z [error]: hii
2025-08-05T10:23:36.275Z [error]: hii
2025-08-05T10:23:52.897Z [error]: hii
2025-08-05T10:23:56.907Z [error]: hii
2025-08-05T10:42:16.140Z [error]: hii
2025-08-05T10:42:33.917Z [error]: hii
2025-08-05T10:43:12.749Z [error]: hii
2025-08-05T10:43:31.917Z [error]: hii
2025-08-05T10:43:56.284Z [error]: hii
2025-08-05T11:39:54.668Z [error]: hii
2025-08-05T11:40:13.307Z [error]: hii
2025-08-05T11:43:18.268Z [error]: hii
2025-08-05T11:46:39.853Z [error]: hii
2025-08-05T11:47:09.684Z [error]: hii
2025-08-05T11:49:26.311Z [error]: hii
2025-08-05T11:49:42.313Z [error]: hii
2025-08-05T11:50:07.878Z [error]: hii
2025-08-05T11:50:25.217Z [error]: hii
2025-08-05T11:50:44.522Z [error]: hii
2025-08-05T11:51:13.983Z [error]: hii
2025-08-05T11:52:22.700Z [error]: hii
2025-08-05T11:52:49.760Z [error]: hii
2025-08-05T11:53:48.173Z [error]: hii
2025-08-05T11:54:46.694Z [error]: hii
2025-08-05T11:55:37.535Z [error]: hii
2025-08-05T11:56:41.312Z [error]: hii
2025-08-05T11:57:16.993Z [error]: hii
2025-08-05T11:59:16.197Z [error]: hii
2025-08-05T12:00:33.738Z [error]: hii
2025-08-05T12:01:31.715Z [error]: hii
2025-08-05T12:01:59.642Z [error]: hii
2025-08-05T12:04:02.025Z [error]: hii
2025-08-05T12:04:37.391Z [error]: hii
2025-08-05T12:04:47.429Z [error]: hii
2025-08-05T12:04:55.068Z [error]: hii
2025-08-05T12:05:11.403Z [error]: hii
2025-08-05T12:05:56.957Z [error]: hii
2025-08-06T10:02:48.391Z [error]: hii
2025-08-06T10:04:11.305Z [error]: hii
2025-08-06T10:14:45.002Z [error]: hii
2025-08-06T10:19:59.176Z [error]: hii
2025-08-07T12:31:35.515Z [error]: hii
2025-08-07T12:44:03.532Z [error]: hii
2025-08-07T12:44:15.358Z [error]: hii
2025-08-08T05:14:51.045Z [error]: hii
2025-08-08T05:52:57.788Z [error]: hii
2025-08-08T05:53:20.168Z [error]: hii
2025-08-08T06:02:52.770Z [error]: hii
2025-08-08T06:20:59.266Z [error]: hii
2025-08-08T08:50:14.016Z [error]: hii
2025-08-08T08:50:31.678Z [error]: hii
2025-08-08T08:51:28.052Z [error]: hii
2025-08-08T09:52:24.552Z [error]: hii
2025-08-08T09:54:01.444Z [error]: hii
2025-08-08T09:55:58.180Z [error]: hii
2025-08-08T09:57:22.742Z [error]: hii
2025-08-08T09:57:22.934Z [error]: hii
2025-08-08T10:00:06.593Z [error]: hii
2025-08-08T10:00:06.835Z [error]: hii
2025-08-08T10:00:35.420Z [error]: hii
2025-08-08T10:00:35.554Z [error]: hii
2025-08-08T10:06:10.215Z [error]: hii
2025-08-08T10:06:10.251Z [error]: hii
2025-08-08T10:14:42.632Z [error]: hii
2025-08-08T10:15:06.626Z [error]: hii
2025-08-08T10:15:09.634Z [error]: hii
2025-08-08T10:16:31.875Z [error]: hii
2025-08-08T10:16:31.926Z [error]: hii
2025-08-08T10:16:51.275Z [error]: hii
2025-08-08T10:20:05.352Z [error]: hii
2025-08-08T10:20:39.260Z [error]: hii
2025-08-08T10:20:39.331Z [error]: hii
2025-08-08T10:21:06.155Z [error]: hii
2025-08-08T10:21:06.394Z [error]: hii
2025-08-08T10:21:40.556Z [error]: hii
2025-08-08T10:23:14.450Z [error]: hii
2025-08-08T10:23:19.649Z [error]: hii
2025-08-08T10:23:44.670Z [error]: hii
2025-08-08T10:24:00.770Z [error]: hii
2025-08-08T10:24:34.673Z [error]: hii
2025-08-08T10:24:34.861Z [error]: hii
2025-08-08T10:25:46.590Z [error]: hii
2025-08-08T10:25:46.647Z [error]: hii
2025-08-08T10:26:38.472Z [error]: hii
2025-08-08T10:26:38.441Z [error]: hii
2025-08-08T10:28:38.993Z [error]: hii
2025-08-08T10:28:38.993Z [error]: hii
2025-08-08T10:29:08.221Z [error]: hii
2025-08-08T10:29:08.259Z [error]: hii
2025-08-08T10:30:24.767Z [error]: hii
2025-08-08T10:30:24.860Z [error]: hii
2025-08-08T10:34:04.276Z [error]: hii
2025-08-08T10:34:04.743Z [error]: hii
2025-08-08T10:34:45.136Z [error]: hii
2025-08-08T10:34:45.256Z [error]: hii
2025-08-08T10:43:44.850Z [error]: hii
2025-08-08T10:43:44.944Z [error]: hii
2025-08-08T10:44:38.368Z [error]: hii
2025-08-08T10:44:38.727Z [error]: hii
2025-08-08T10:44:53.481Z [error]: hii
2025-08-08T11:08:39.012Z [error]: hii
2025-08-08T11:08:39.022Z [error]: hii
2025-08-08T11:09:07.716Z [error]: hii
2025-08-08T11:09:58.199Z [error]: hii
2025-08-08T11:09:58.286Z [error]: hii
2025-08-08T11:11:40.650Z [error]: hii
2025-08-08T11:11:41.749Z [error]: hii
2025-08-08T11:14:02.444Z [error]: hii
2025-08-08T11:14:02.723Z [error]: hii
2025-08-11T11:04:54.362Z [error]: hii
2025-08-11T11:05:50.738Z [error]: hii
2025-08-11T11:08:03.193Z [error]: PrismaClientKnownRequestError: 
Invalid `prisma.employee.create()` invocation in
C:\Users\mdalk\crm\backend\src\controller\user-controller.ts:731:27

  728 const date = new Date();
  729 date.setMinutes(date.getMinutes() + 10);
  730 
→ 731 await prisma.employee.create(
Foreign key constraint violated on the constraint: `Employee_companyId_fkey`
    at ri.handleRequestError (C:\Users\mdalk\crm\node_modules\@prisma\client\src\runtime\RequestHandler.ts:228:13)
    at ri.handleAndLogRequestError (C:\Users\mdalk\crm\node_modules\@prisma\client\src\runtime\RequestHandler.ts:174:12)
    at ri.request (C:\Users\mdalk\crm\node_modules\@prisma\client\src\runtime\RequestHandler.ts:143:12)
    at async l (C:\Users\mdalk\crm\node_modules\@prisma\client\src\runtime\getPrismaClient.ts:862:24)
2025-08-11T11:11:06.271Z [error]: hii
2025-08-11T11:11:22.066Z [error]: hii
2025-08-11T11:11:50.707Z [error]: hii
2025-08-11T11:12:25.223Z [error]: hii
2025-08-11T11:12:52.278Z [error]: hii
2025-08-11T11:13:09.078Z [error]: TypeError: Converting circular structure to JSON
    --> starting at object with constructor 'Socket'
    |     property 'parser' -> object with constructor 'HTTPParser'
    --- property 'socket' closes the circle
    at JSON.stringify (<anonymous>)
    at stringify (C:\Users\mdalk\crm\node_modules\express\lib\response.js:1020:12)
    at ServerResponse.json (C:\Users\mdalk\crm\node_modules\express\lib\response.js:243:14)
    at C:\Users\mdalk\crm\backend\src\controller\user-controller.ts:664:28
    at Generator.next (<anonymous>)
    at C:\Users\mdalk\crm\backend\src\controller\user-controller.ts:8:71
    at new Promise (<anonymous>)
    at __awaiter (C:\Users\mdalk\crm\backend\src\controller\user-controller.ts:4:12)
    at userDetails (C:\Users\mdalk\crm\backend\src\controller\user-controller.ts:659:66)
    at Layer.handleRequest (C:\Users\mdalk\crm\node_modules\router\lib\layer.js:152:17)
2025-08-11T11:13:24.970Z [error]: TypeError: Converting circular structure to JSON
    --> starting at object with constructor 'Socket'
    |     property 'parser' -> object with constructor 'HTTPParser'
    --- property 'socket' closes the circle
    at JSON.stringify (<anonymous>)
    at stringify (C:\Users\mdalk\crm\node_modules\express\lib\response.js:1020:12)
    at ServerResponse.json (C:\Users\mdalk\crm\node_modules\express\lib\response.js:243:14)
    at C:\Users\mdalk\crm\backend\src\controller\user-controller.ts:664:28
    at Generator.next (<anonymous>)
    at C:\Users\mdalk\crm\backend\src\controller\user-controller.ts:8:71
    at new Promise (<anonymous>)
    at __awaiter (C:\Users\mdalk\crm\backend\src\controller\user-controller.ts:4:12)
    at userDetails (C:\Users\mdalk\crm\backend\src\controller\user-controller.ts:659:66)
    at Layer.handleRequest (C:\Users\mdalk\crm\node_modules\router\lib\layer.js:152:17)
2025-08-11T11:13:58.498Z [error]: hii
2025-08-11T11:14:22.495Z [error]: hii
2025-08-11T11:14:35.669Z [error]: hii
2025-08-11T11:24:18.969Z [error]: hii
2025-08-11T11:25:42.189Z [error]: hii
2025-08-11T11:26:09.665Z [error]: PrismaClientKnownRequestError: 
Invalid `prisma.employee.create()` invocation in
C:\Users\mdalk\crm\backend\src\controller\user-controller.ts:737:27

  734 
  735 
  736 // const companyId = await prisma.company.  
→ 737 await prisma.employee.create(
Foreign key constraint violated on the constraint: `Employee_companyId_fkey`
    at ri.handleRequestError (C:\Users\mdalk\crm\node_modules\@prisma\client\src\runtime\RequestHandler.ts:228:13)
    at ri.handleAndLogRequestError (C:\Users\mdalk\crm\node_modules\@prisma\client\src\runtime\RequestHandler.ts:174:12)
    at ri.request (C:\Users\mdalk\crm\node_modules\@prisma\client\src\runtime\RequestHandler.ts:143:12)
    at async l (C:\Users\mdalk\crm\node_modules\@prisma\client\src\runtime\getPrismaClient.ts:862:24)
2025-08-11T11:26:41.251Z [error]: hii
2025-08-11T11:27:51.428Z [error]: hii
2025-08-11T11:28:10.805Z [error]: hii
2025-08-11T11:28:23.222Z [error]: hii
2025-08-11T11:28:29.515Z [error]: hii
2025-08-11T11:33:01.171Z [error]: hii
2025-08-11T11:56:09.751Z [error]: hii
2025-08-11T12:13:15.810Z [error]: PrismaClientKnownRequestError: 
Invalid `prisma.employee.create()` invocation in
C:\Users\mdalk\crm\backend\src\controller\user-controller.ts:742:27

  739   })
  740 }
  741 
→ 742 await prisma.employee.create(
Unique constraint failed on the fields: (`email`)
    at ri.handleRequestError (C:\Users\mdalk\crm\node_modules\@prisma\client\src\runtime\RequestHandler.ts:228:13)
    at ri.handleAndLogRequestError (C:\Users\mdalk\crm\node_modules\@prisma\client\src\runtime\RequestHandler.ts:174:12)
    at ri.request (C:\Users\mdalk\crm\node_modules\@prisma\client\src\runtime\RequestHandler.ts:143:12)
    at async l (C:\Users\mdalk\crm\node_modules\@prisma\client\src\runtime\getPrismaClient.ts:862:24)
2025-08-11T12:15:19.364Z [error]: hii
2025-08-11T12:15:35.864Z [error]: PrismaClientKnownRequestError: 
Invalid `prisma.employee.create()` invocation in
C:\Users\mdalk\crm\backend\src\controller\user-controller.ts:742:27

  739   })
  740 }
  741 
→ 742 await prisma.employee.create(
Unique constraint failed on the fields: (`email`)
    at ri.handleRequestError (C:\Users\mdalk\crm\node_modules\@prisma\client\src\runtime\RequestHandler.ts:228:13)
    at ri.handleAndLogRequestError (C:\Users\mdalk\crm\node_modules\@prisma\client\src\runtime\RequestHandler.ts:174:12)
    at ri.request (C:\Users\mdalk\crm\node_modules\@prisma\client\src\runtime\RequestHandler.ts:143:12)
    at async l (C:\Users\mdalk\crm\node_modules\@prisma\client\src\runtime\getPrismaClient.ts:862:24)
2025-08-11T12:18:27.370Z [error]: hii
2025-08-11T12:19:11.697Z [error]: hii
2025-08-11T12:19:30.321Z [error]: hii
2025-08-11T12:21:26.852Z [error]: hii
2025-08-11T12:22:36.011Z [error]: hii
2025-08-11T12:24:21.211Z [error]: hii
2025-08-11T12:26:53.391Z [error]: hii
2025-08-11T12:28:16.712Z [error]: hii
2025-08-12T05:30:14.801Z [error]: hii
2025-08-12T05:44:17.090Z [error]: hii
2025-08-12T05:56:40.672Z [error]: hii
2025-08-12T05:56:49.652Z [error]: hii
2025-08-12T05:57:06.553Z [error]: hii
2025-08-12T05:57:41.869Z [error]: hii
2025-08-12T05:58:41.885Z [error]: hii
2025-08-12T05:59:27.348Z [error]: hii
2025-08-12T05:59:59.114Z [error]: hii
2025-08-12T06:00:08.556Z [error]: hii
2025-08-12T06:00:57.412Z [error]: hii
2025-08-12T06:01:04.340Z [error]: hii
2025-08-12T06:05:31.013Z [error]: hii
2025-08-12T06:05:40.808Z [error]: hii
2025-08-12T06:06:04.805Z [error]: hii
2025-08-12T06:18:16.329Z [error]: hii
2025-08-12T10:05:22.932Z [error]: hii
2025-08-12T10:07:31.142Z [error]: hii
2025-08-12T10:07:40.353Z [error]: hii
2025-08-12T10:09:29.886Z [error]: hii
2025-08-12T10:10:04.763Z [error]: hii
2025-08-12T10:11:24.645Z [error]: hii
2025-08-12T10:11:34.229Z [error]: hii
2025-08-12T10:20:25.134Z [error]: hii
2025-08-12T10:22:50.206Z [error]: hii
2025-08-12T10:23:21.749Z [error]: hii
2025-08-12T10:27:47.337Z [error]: hii
2025-08-12T10:28:06.857Z [error]: hii
2025-08-12T10:29:15.431Z [error]: hii
2025-08-12T10:51:27.053Z [error]: hii
2025-08-12T10:58:12.464Z [error]: hii
2025-08-12T11:00:22.636Z [error]: hii
2025-08-12T11:01:36.795Z [error]: hii
2025-08-12T11:01:49.150Z [error]: hii
2025-08-12T11:02:17.710Z [error]: hii
2025-08-12T11:02:57.160Z [error]: hii
2025-08-12T11:03:12.340Z [error]: hii
2025-08-12T11:11:20.300Z [error]: hii
2025-08-12T11:11:36.890Z [error]: hii
2025-08-12T12:13:13.365Z [error]: hii
2025-08-13T06:16:15.926Z [error]: hii
2025-08-13T06:17:08.032Z [error]: hii
2025-08-13T06:22:21.257Z [error]: hii
2025-08-13T06:23:03.585Z [error]: hii
2025-08-13T06:23:08.101Z [error]: PrismaClientValidationError: 
Invalid `prisma.employee.findUnique()` invocation in
C:\Users\mdalk\crm\backend\src\controller\employee-controller.ts:641:36

  638     },
  639   });
  640 } else if (role && role.toLowerCase() === 'employee') {
→ 641   user = await prisma.employee.findUnique({
          where: {
            id: "6b900fd5-f131-48fb-85ff-fb6565ea9d96"
          },
          select: {
        ?   id?: true,
        ?   fullname?: true,
        ?   email?: true,
        ?   password?: true,
        ?   isVerified?: true,
        ?   role?: true,
        ?   isInvited?: true,
        ?   isAccountCreated?: true,
        ?   invitationToken?: true,
        ?   invitationTokenExpiry?: true,
        ?   isInvitedTokenUsed?: true,
        ?   companyName?: true,
        ?   isNewsLetterSubscribe?: true,
        ?   forgotPasswordOtp?: true,
        ?   forgotPasswordExpiry?: true,
        ?   isVerifiedOtp?: true,
        ?   forgotPasswordUrl?: true,
        ?   forgotPasswordUrlExpiry?: true,
        ?   companyId?: true,
        ?   company?: true
          }
        })

The `select` statement for type Employee needs at least one truthy value.
    at throwValidationException (C:\Users\mdalk\crm\node_modules\@prisma\client\src\runtime\core\errorRendering\throwValidationException.ts:45:9)
    at ri.handleRequestError (C:\Users\mdalk\crm\node_modules\@prisma\client\src\runtime\RequestHandler.ts:202:7)
    at ri.handleAndLogRequestError (C:\Users\mdalk\crm\node_modules\@prisma\client\src\runtime\RequestHandler.ts:174:12)
    at ri.request (C:\Users\mdalk\crm\node_modules\@prisma\client\src\runtime\RequestHandler.ts:143:12)
    at async l (C:\Users\mdalk\crm\node_modules\@prisma\client\src\runtime\getPrismaClient.ts:862:24)
2025-08-13T06:23:10.140Z [error]: PrismaClientValidationError: 
Invalid `prisma.employee.findUnique()` invocation in
C:\Users\mdalk\crm\backend\src\controller\employee-controller.ts:641:36

  638     },
  639   });
  640 } else if (role && role.toLowerCase() === 'employee') {
→ 641   user = await prisma.employee.findUnique({
          where: {
            id: "6b900fd5-f131-48fb-85ff-fb6565ea9d96"
          },
          select: {
        ?   id?: true,
        ?   fullname?: true,
        ?   email?: true,
        ?   password?: true,
        ?   isVerified?: true,
        ?   role?: true,
        ?   isInvited?: true,
        ?   isAccountCreated?: true,
        ?   invitationToken?: true,
        ?   invitationTokenExpiry?: true,
        ?   isInvitedTokenUsed?: true,
        ?   companyName?: true,
        ?   isNewsLetterSubscribe?: true,
        ?   forgotPasswordOtp?: true,
        ?   forgotPasswordExpiry?: true,
        ?   isVerifiedOtp?: true,
        ?   forgotPasswordUrl?: true,
        ?   forgotPasswordUrlExpiry?: true,
        ?   companyId?: true,
        ?   company?: true
          }
        })

The `select` statement for type Employee needs at least one truthy value.
    at throwValidationException (C:\Users\mdalk\crm\node_modules\@prisma\client\src\runtime\core\errorRendering\throwValidationException.ts:45:9)
    at ri.handleRequestError (C:\Users\mdalk\crm\node_modules\@prisma\client\src\runtime\RequestHandler.ts:202:7)
    at ri.handleAndLogRequestError (C:\Users\mdalk\crm\node_modules\@prisma\client\src\runtime\RequestHandler.ts:174:12)
    at ri.request (C:\Users\mdalk\crm\node_modules\@prisma\client\src\runtime\RequestHandler.ts:143:12)
    at async l (C:\Users\mdalk\crm\node_modules\@prisma\client\src\runtime\getPrismaClient.ts:862:24)
2025-08-13T06:23:50.515Z [error]: hii
2025-08-13T06:23:55.753Z [error]: PrismaClientValidationError: 
Invalid `prisma.employee.findUnique()` invocation in
C:\Users\mdalk\crm\backend\src\controller\employee-controller.ts:641:36

  638     },
  639   });
  640 } else if (role && role.toLowerCase() === 'employee') {
→ 641   user = await prisma.employee.findUnique({
          where: {
            id: "6b900fd5-f131-48fb-85ff-fb6565ea9d96"
          },
          select: {
        ?   id?: true,
        ?   fullname?: true,
        ?   email?: true,
        ?   password?: true,
        ?   isVerified?: true,
        ?   role?: true,
        ?   isInvited?: true,
        ?   isAccountCreated?: true,
        ?   invitationToken?: true,
        ?   invitationTokenExpiry?: true,
        ?   isInvitedTokenUsed?: true,
        ?   companyName?: true,
        ?   isNewsLetterSubscribe?: true,
        ?   forgotPasswordOtp?: true,
        ?   forgotPasswordExpiry?: true,
        ?   isVerifiedOtp?: true,
        ?   forgotPasswordUrl?: true,
        ?   forgotPasswordUrlExpiry?: true,
        ?   companyId?: true,
        ?   company?: true
          }
        })

The `select` statement for type Employee needs at least one truthy value.
    at throwValidationException (C:\Users\mdalk\crm\node_modules\@prisma\client\src\runtime\core\errorRendering\throwValidationException.ts:45:9)
    at ri.handleRequestError (C:\Users\mdalk\crm\node_modules\@prisma\client\src\runtime\RequestHandler.ts:202:7)
    at ri.handleAndLogRequestError (C:\Users\mdalk\crm\node_modules\@prisma\client\src\runtime\RequestHandler.ts:174:12)
    at ri.request (C:\Users\mdalk\crm\node_modules\@prisma\client\src\runtime\RequestHandler.ts:143:12)
    at async l (C:\Users\mdalk\crm\node_modules\@prisma\client\src\runtime\getPrismaClient.ts:862:24)
2025-08-13T06:23:58.634Z [error]: PrismaClientValidationError: 
Invalid `prisma.employee.findUnique()` invocation in
C:\Users\mdalk\crm\backend\src\controller\employee-controller.ts:641:36

  638     },
  639   });
  640 } else if (role && role.toLowerCase() === 'employee') {
→ 641   user = await prisma.employee.findUnique({
          where: {
            id: "6b900fd5-f131-48fb-85ff-fb6565ea9d96"
          },
          select: {
        ?   id?: true,
        ?   fullname?: true,
        ?   email?: true,
        ?   password?: true,
        ?   isVerified?: true,
        ?   role?: true,
        ?   isInvited?: true,
        ?   isAccountCreated?: true,
        ?   invitationToken?: true,
        ?   invitationTokenExpiry?: true,
        ?   isInvitedTokenUsed?: true,
        ?   companyName?: true,
        ?   isNewsLetterSubscribe?: true,
        ?   forgotPasswordOtp?: true,
        ?   forgotPasswordExpiry?: true,
        ?   isVerifiedOtp?: true,
        ?   forgotPasswordUrl?: true,
        ?   forgotPasswordUrlExpiry?: true,
        ?   companyId?: true,
        ?   company?: true
          }
        })

The `select` statement for type Employee needs at least one truthy value.
    at throwValidationException (C:\Users\mdalk\crm\node_modules\@prisma\client\src\runtime\core\errorRendering\throwValidationException.ts:45:9)
    at ri.handleRequestError (C:\Users\mdalk\crm\node_modules\@prisma\client\src\runtime\RequestHandler.ts:202:7)
    at ri.handleAndLogRequestError (C:\Users\mdalk\crm\node_modules\@prisma\client\src\runtime\RequestHandler.ts:174:12)
    at ri.request (C:\Users\mdalk\crm\node_modules\@prisma\client\src\runtime\RequestHandler.ts:143:12)
    at async l (C:\Users\mdalk\crm\node_modules\@prisma\client\src\runtime\getPrismaClient.ts:862:24)
2025-08-13T06:25:30.881Z [error]: hii
2025-08-13T06:27:09.316Z [error]: hii
2025-08-13T06:28:19.711Z [error]: hii
2025-08-13T06:28:28.058Z [error]: hii
2025-08-13T06:28:39.806Z [error]: PrismaClientInitializationError: 
Invalid `prisma.employee.findUnique()` invocation in
C:\Users\mdalk\crm\backend\src\controller\employee-controller.ts:641:36

  638     },
  639   });
  640 } else if (role && role.toLowerCase() === 'employee') {
→ 641   user = await prisma.employee.findUnique(
Can't reach database server at `ep-little-butterfly-adrh17j6-pooler.c-2.us-east-1.aws.neon.tech:5432`

Please make sure your database server is running at `ep-little-butterfly-adrh17j6-pooler.c-2.us-east-1.aws.neon.tech:5432`.
    at ri.handleRequestError (C:\Users\mdalk\crm\node_modules\@prisma\client\src\runtime\RequestHandler.ts:242:13)
    at ri.handleAndLogRequestError (C:\Users\mdalk\crm\node_modules\@prisma\client\src\runtime\RequestHandler.ts:174:12)
    at ri.request (C:\Users\mdalk\crm\node_modules\@prisma\client\src\runtime\RequestHandler.ts:143:12)
    at async l (C:\Users\mdalk\crm\node_modules\@prisma\client\src\runtime\getPrismaClient.ts:862:24)
2025-08-13T06:28:39.821Z [error]: PrismaClientInitializationError: 
Invalid `prisma.employee.findUnique()` invocation in
C:\Users\mdalk\crm\backend\src\controller\employee-controller.ts:641:36

  638     },
  639   });
  640 } else if (role && role.toLowerCase() === 'employee') {
→ 641   user = await prisma.employee.findUnique(
Can't reach database server at `ep-little-butterfly-adrh17j6-pooler.c-2.us-east-1.aws.neon.tech:5432`

Please make sure your database server is running at `ep-little-butterfly-adrh17j6-pooler.c-2.us-east-1.aws.neon.tech:5432`.
    at ri.handleRequestError (C:\Users\mdalk\crm\node_modules\@prisma\client\src\runtime\RequestHandler.ts:242:13)
    at ri.handleAndLogRequestError (C:\Users\mdalk\crm\node_modules\@prisma\client\src\runtime\RequestHandler.ts:174:12)
    at ri.request (C:\Users\mdalk\crm\node_modules\@prisma\client\src\runtime\RequestHandler.ts:143:12)
    at async l (C:\Users\mdalk\crm\node_modules\@prisma\client\src\runtime\getPrismaClient.ts:862:24)
2025-08-13T06:29:35.979Z [error]: hii
2025-08-13T06:30:36.530Z [error]: hii
2025-08-13T06:30:48.694Z [error]: hii
2025-08-13T06:31:35.748Z [error]: hii
2025-08-13T10:44:11.361Z [error]: hii
2025-08-13T10:58:07.568Z [error]: hii
2025-08-14T05:27:39.512Z [error]: hii
2025-08-14T06:01:38.088Z [error]: hii
2025-08-14T06:11:47.055Z [error]: hii
2025-08-14T06:24:30.103Z [error]: hii
2025-08-14T06:25:00.437Z [error]: hii
2025-08-14T06:25:07.005Z [error]: hii
2025-08-14T06:30:51.597Z [error]: hii
2025-08-14T06:33:14.417Z [error]: hii
2025-08-14T06:33:53.400Z [error]: Error during updatig the role : 
2025-08-14T06:40:03.126Z [error]: hii
2025-08-14T06:47:13.086Z [error]: hii
2025-08-14T06:54:58.501Z [error]: hii
2025-08-14T07:14:25.677Z [error]: hii
2025-08-14T07:28:28.360Z [error]: hii
2025-08-14T07:30:32.333Z [error]: hii
2025-08-14T08:45:15.243Z [error]: hii
2025-08-14T08:45:43.765Z [error]: hii
2025-08-14T08:46:07.963Z [error]: hii
2025-08-14T08:48:30.368Z [error]: hii
2025-08-14T08:49:22.700Z [error]: hii
2025-08-14T09:22:33.468Z [error]: hii
2025-08-14T11:31:36.736Z [error]: hii
2025-08-14T11:34:12.587Z [error]: hii
2025-08-14T11:34:47.348Z [error]: hii
2025-08-14T11:35:38.988Z [error]: hii
2025-08-14T11:36:10.617Z [error]: hii
2025-08-14T11:36:35.280Z [error]: hii
2025-08-14T11:38:26.005Z [error]: hii
2025-08-14T11:38:57.260Z [error]: hii
2025-08-14T11:39:12.203Z [error]: hii
2025-08-14T11:40:43.638Z [error]: hii
2025-08-14T11:41:43.799Z [error]: hii
2025-08-14T12:06:58.503Z [error]: hii
2025-08-16T05:55:54.525Z [error]: hii
2025-08-16T09:40:11.354Z [error]: hii
2025-08-16T11:09:45.230Z [error]: TypeError: pchstr must be a non-empty string
    at deserialize (C:\Users\mdalk\crm\node_modules\@phc\format\index.js:143:11)
    at Object.verify (C:\Users\mdalk\crm\node_modules\argon2\argon2.cjs:167:27)
    at C:\Users\mdalk\crm\backend\src\controller\employee-controller.ts:167:42
    at Generator.next (<anonymous>)
    at fulfilled (C:\Users\mdalk\crm\backend\src\controller\employee-controller.ts:5:58)
2025-08-18T06:03:44.298Z [error]: hii
2025-08-18T06:03:52.575Z [error]: hii
2025-08-18T06:04:14.761Z [error]: hii
2025-08-18T06:04:45.375Z [error]: hii
2025-08-18T06:04:58.676Z [error]: hii
2025-08-18T06:05:32.445Z [error]: hii
2025-08-18T06:06:16.373Z [error]: hii
2025-08-18T06:06:41.582Z [error]: hii
2025-08-18T06:06:49.949Z [error]: hii
2025-08-18T06:07:47.099Z [error]: hii
2025-08-18T06:13:03.898Z [error]: hii
2025-08-18T06:13:10.690Z [error]: hii
2025-08-18T06:15:02.706Z [error]: hii
2025-08-18T06:15:08.621Z [error]: hii
2025-08-18T06:35:48.362Z [error]: hii
2025-08-18T06:35:56.200Z [error]: hii
2025-08-18T10:37:15.837Z [error]: hii
2025-08-18T10:39:07.027Z [error]: hii
2025-08-18T10:39:30.957Z [error]: hii
2025-08-18T10:39:56.506Z [error]: hii
2025-08-18T10:40:35.597Z [error]: hii
2025-08-18T10:41:16.867Z [error]: hii
2025-08-18T10:42:05.977Z [error]: hii
2025-08-18T10:42:36.857Z [error]: hii
2025-08-18T10:43:32.307Z [error]: hii
2025-08-18T10:43:52.935Z [error]: hii
2025-08-18T10:44:25.069Z [error]: hii
2025-08-18T10:46:24.909Z [error]: hii
2025-08-18T10:47:26.371Z [error]: hii
2025-08-18T10:48:19.326Z [error]: hii
2025-08-18T10:49:13.016Z [error]: hii
2025-08-18T10:50:25.063Z [error]: hii
2025-08-18T10:51:22.347Z [error]: hii
2025-08-18T10:52:28.313Z [error]: hii
2025-08-18T10:54:04.261Z [error]: hii
2025-08-18T11:00:46.678Z [error]: hii
2025-08-18T11:08:43.453Z [error]: hii
2025-08-18T11:09:20.506Z [error]: hii
2025-08-18T11:10:42.668Z [error]: hii
2025-08-18T11:26:52.683Z [error]: hii
2025-08-18T11:27:43.444Z [error]: hii
2025-08-18T11:28:38.562Z [error]: hii
2025-08-18T11:33:15.584Z [error]: hii
2025-08-18T11:36:03.833Z [error]: hii
2025-08-18T11:49:49.768Z [error]: hii
2025-08-18T11:51:18.820Z [error]: hii
2025-08-18T11:52:08.523Z [error]: hii
2025-08-18T11:52:42.139Z [error]: hii
2025-08-18T11:52:57.431Z [error]: hii
2025-08-18T11:55:02.487Z [error]: hii
2025-08-18T11:58:01.092Z [error]: hii
2025-08-18T12:00:11.071Z [error]: hii
2025-08-18T12:00:45.028Z [error]: hii
2025-08-18T12:14:08.341Z [error]: hii
2025-08-18T12:14:34.392Z [error]: hii
2025-08-18T12:14:53.763Z [error]: hii
2025-08-18T12:15:11.408Z [error]: hii
2025-08-18T12:15:47.351Z [error]: hii
2025-08-18T12:16:00.786Z [error]: hii
2025-08-18T12:16:16.395Z [error]: hii
2025-08-18T12:17:08.422Z [error]: hii
2025-08-18T12:18:07.178Z [error]: hii
2025-08-18T12:18:26.755Z [error]: hii
2025-08-18T12:18:46.730Z [error]: hii
2025-08-18T12:22:55.920Z [error]: hii
2025-08-18T12:27:04.838Z [error]: hii
2025-08-18T12:28:41.953Z [error]: hii
2025-08-18T12:36:21.788Z [error]: hii
2025-08-18T12:37:21.766Z [error]: hii
2025-08-18T12:39:23.936Z [error]: hii
2025-08-18T12:40:21.644Z [error]: hii
2025-08-18T12:53:49.331Z [error]: hii
2025-08-18T14:34:37.117Z [error]: hii
2025-08-18T14:35:35.279Z [error]: hii
2025-08-18T14:35:48.583Z [error]: hii
2025-08-18T14:36:27.923Z [error]: hii
2025-08-18T14:37:03.861Z [error]: hii
2025-08-18T14:37:21.438Z [error]: hii
2025-08-18T14:37:54.755Z [error]: hii
2025-08-18T14:39:45.877Z [error]: hii
2025-08-18T14:40:41.582Z [error]: hii
2025-08-18T14:41:24.814Z [error]: hii
2025-08-18T14:42:47.604Z [error]: hii
2025-08-18T14:43:14.029Z [error]: hii
2025-08-18T14:49:40.244Z [error]: hii
2025-08-18T14:49:52.170Z [error]: hii
2025-08-18T14:50:04.840Z [error]: hii
2025-08-18T14:50:32.852Z [error]: hii
2025-08-18T14:52:16.667Z [error]: hii
2025-08-18T14:53:19.930Z [error]: hii
2025-08-18T14:54:42.032Z [error]: hii
2025-08-18T14:54:56.880Z [error]: hii
2025-08-18T15:31:10.526Z [error]: hii
2025-08-18T15:36:43.161Z [error]: hii
2025-08-18T15:40:58.988Z [error]: hii
2025-08-18T15:41:14.412Z [error]: hii
2025-08-18T15:41:45.223Z [error]: hii
2025-08-18T15:42:27.143Z [error]: hii
2025-08-18T15:47:45.751Z [error]: hii
2025-08-18T15:48:58.135Z [error]: hii
2025-08-18T15:55:27.292Z [error]: hii
2025-08-18T15:56:36.721Z [error]: hii
2025-08-18T15:57:45.791Z [error]: hii
2025-08-18T15:59:16.430Z [error]: hii
2025-08-18T16:02:18.135Z [error]: hii
2025-08-18T16:02:47.779Z [error]: hii
2025-08-18T16:04:17.368Z [error]: hii
2025-08-18T16:10:01.751Z [error]: hii
2025-08-18T16:10:52.206Z [error]: hii
2025-08-18T16:12:46.729Z [error]: hii
2025-08-18T16:13:23.760Z [error]: hii
2025-08-18T16:13:56.407Z [error]: hii
2025-08-18T16:15:32.550Z [error]: hii
2025-08-18T16:17:16.162Z [error]: hii
2025-08-18T17:36:11.603Z [error]: hii
2025-08-18T17:36:37.463Z [error]: hii
2025-08-18T17:39:08.060Z [error]: hii
2025-08-18T17:39:58.873Z [error]: hii
2025-08-18T17:41:07.034Z [error]: hii
2025-08-18T17:42:13.913Z [error]: hii
2025-08-18T17:47:15.611Z [error]: hii
2025-08-18T17:51:50.436Z [error]: hii
2025-08-18T17:52:47.826Z [error]: hii
2025-08-18T17:52:54.656Z [error]: hii
2025-08-18T17:53:07.357Z [error]: hii
2025-08-18T17:57:04.670Z [error]: hii
2025-08-18T17:57:32.204Z [error]: hii
2025-08-18T17:58:13.991Z [error]: hii
2025-08-18T17:59:46.028Z [error]: hii
2025-08-18T18:01:57.244Z [error]: hii
2025-08-18T18:02:49.572Z [error]: hii
2025-08-18T18:03:42.455Z [error]: hii
2025-08-18T18:04:00.765Z [error]: hii
2025-08-18T18:05:27.084Z [error]: hii
2025-08-18T18:08:29.342Z [error]: hii
2025-08-18T18:09:26.195Z [error]: hii
2025-08-18T18:17:09.495Z [error]: hii
2025-08-18T18:18:27.489Z [error]: hii
2025-08-18T18:21:40.777Z [error]: hii
2025-08-18T18:25:35.749Z [error]: hii
2025-08-18T18:31:50.363Z [error]: hii
2025-08-18T18:33:34.326Z [error]: hii
2025-08-18T18:35:39.456Z [error]: hii
2025-08-18T18:36:12.669Z [error]: hii
2025-08-18T18:40:43.923Z [error]: hii
2025-08-18T18:56:21.830Z [error]: hii
2025-08-18T18:59:44.499Z [error]: hii
2025-08-18T19:05:39.412Z [error]: hii
2025-08-18T19:05:59.089Z [error]: hii
2025-08-18T19:08:47.791Z [error]: hii
2025-08-18T19:13:18.330Z [error]: hii
2025-08-18T19:14:16.863Z [error]: hii
2025-08-18T19:15:18.442Z [error]: hii
2025-08-18T19:15:31.499Z [error]: hii
2025-08-18T19:52:17.771Z [error]: hii
2025-08-19T04:52:20.444Z [error]: hii
2025-08-19T05:26:04.082Z [error]: hii
2025-08-19T05:26:16.111Z [error]: hii
2025-08-19T05:34:19.062Z [error]: hii
2025-08-19T05:36:49.151Z [error]: hii
2025-08-19T05:38:51.090Z [error]: hii
2025-08-19T05:42:39.108Z [error]: hii
2025-08-19T05:48:12.128Z [error]: hii
2025-08-19T05:53:23.894Z [error]: hii
2025-08-19T11:58:26.770Z [error]: hii
2025-08-19T11:59:22.032Z [error]: hii
2025-08-19T11:59:43.967Z [error]: hii
2025-08-19T12:07:42.873Z [error]: hii
2025-08-19T12:09:59.007Z [error]: hii
2025-08-19T12:13:13.503Z [error]: hii
2025-08-19T12:16:55.976Z [error]: hii
2025-08-19T12:17:21.976Z [error]: hii
2025-08-19T12:17:51.166Z [error]: hii
2025-08-19T12:18:36.089Z [error]: hii
2025-08-19T12:19:38.874Z [error]: hii
2025-08-19T12:20:02.821Z [error]: hii
2025-08-19T12:20:30.305Z [error]: hii
2025-08-19T12:20:39.803Z [error]: hii
2025-08-19T12:21:26.247Z [error]: hii
2025-08-19T12:27:36.036Z [error]: hii
2025-08-19T12:27:46.873Z [error]: hii
2025-08-19T12:28:05.270Z [error]: hii
2025-08-19T12:29:36.019Z [error]: hii
2025-08-19T12:29:42.020Z [error]: hii
2025-08-19T12:29:54.179Z [error]: hii
2025-08-19T12:30:06.758Z [error]: hii
2025-08-19T12:30:23.355Z [error]: hii
2025-08-19T12:30:55.142Z [error]: hii
2025-08-19T12:31:31.995Z [error]: hii
2025-08-19T12:31:40.614Z [error]: hii
